#
# There is insufficient memory for the Java Runtime Environment to continue.
# Native memory allocation (malloc) failed to allocate 1048576 bytes for AllocateHeap
# Possible reasons:
#   The system is out of physical RAM or swap space
#   The process is running with CompressedOops enabled, and the Java Heap may be blocking the growth of the native heap
# Possible solutions:
#   Reduce memory load on the system
#   Increase physical memory or swap space
#   Check if swap backing store is full
#   Decrease Java heap size (-Xmx/-Xms)
#   Decrease number of Java threads
#   Decrease Java thread stack sizes (-Xss)
#   Set larger code cache with -XX:ReservedCodeCacheSize=
#   JVM is running with Unscaled Compressed Oops mode in which the Java heap is
#     placed in the first 4GB address space. The Java Heap base address is the
#     maximum limit for the native heap growth. Please use -XX:HeapBaseMinAddress
#     to set the Java Heap base and to place the Java Heap above 4GB virtual address.
# This output file may be truncated or incomplete.
#
#  Out of Memory Error (./src/hotspot/share/memory/allocation.cpp:46), pid=60832, tid=60572
#
# JRE version: OpenJDK Runtime Environment (11.0.11+9) (build 11.0.11+9-b60-7590822)
# Java VM: OpenJDK 64-Bit Server VM (11.0.11+9-b60-7590822, mixed mode, tiered, compressed oops, g1 gc, windows-amd64)
# No core dump will be written. Minidumps are not enabled by default on client versions of Windows
#

---------------  S U M M A R Y ------------

Command Line: --add-opens=java.base/java.util=ALL-UNNAMED --add-opens=java.base/java.lang=ALL-UNNAMED --add-opens=java.base/java.lang.invoke=ALL-UNNAMED --add-opens=java.prefs/java.util.prefs=ALL-UNNAMED -Xmx1536M -Dfile.encoding=windows-1252 -Duser.country=US -Duser.language=en -Duser.variant org.gradle.launcher.daemon.bootstrap.GradleDaemon 6.7

Host: Intel(R) Core(TM) i5-1035G1 CPU @ 1.00GHz, 8 cores, 7G,  Windows 10 , 64 bit Build 22610 (10.0.22610.1)
Time: Fri Jul 15 04:15:33 2022 Pakistan Standard Time elapsed time: 18.337043 seconds (0d 0h 0m 18s)

---------------  T H R E A D  ---------------

Current thread (0x00000250ff305800):  VMThread "VM Thread" [stack: 0x000000c309100000,0x000000c309200000] [id=60572]

Stack: [0x000000c309100000,0x000000c309200000]
[error occurred during error reporting (printing stack bounds), id 0xc0000005, EXCEPTION_ACCESS_VIOLATION (0xc0000005) at pc=0x00000250800010e7]

Native frames: (J=compiled Java code, j=interpreted, Vv=VM code, C=native code)
V  [jvm.dll+0x5f214a]
V  [jvm.dll+0x726fb5]
V  [jvm.dll+0x7285cd]
V  [jvm.dll+0x728be5]
V  [jvm.dll+0x728b9b]
V  [jvm.dll+0x5f14e8]
V  [jvm.dll+0x5f1c78]
C  [ntdll.dll+0xa3d6f]
C  [ntdll.dll+0x1eaa6]
C  [ntdll.dll+0xa2d5e]
C  0x00000250800010e7

VM_Operation (0x000000c30a6f6e70): CollectForMetadataAllocation, mode: safepoint, requested by thread 0x0000025095731800


---------------  P R O C E S S  ---------------

Threads class SMR info:
_java_thread_list=0x000002509be5e460, length=157, elements={
0x00000250fa19d000, 0x00000250ff32f000, 0x00000250ff332000, 0x00000250ff34b800,
0x00000250ff34c800, 0x00000250ff34d800, 0x00000250ff351000, 0x00000250ff354000,
0x00000250ff357000, 0x00000250941a0800, 0x00000250956b5800, 0x00000250958ae800,
0x000002509502c000, 0x0000025094d4d000, 0x0000025095ae7000, 0x0000025095bbf800,
0x0000025095731800, 0x0000025094ede800, 0x0000025095bb9000, 0x0000025095bbb800,
0x0000025095bba800, 0x0000025095bbc000, 0x0000025095bb8000, 0x0000025095bbd000,
0x0000025095bb7800, 0x0000025095bb9800, 0x0000025095bbe000, 0x00000250960cb800,
0x00000250960ca000, 0x00000250960c8000, 0x00000250960ce800, 0x00000250960d2000,
0x00000250960ce000, 0x00000250960d1000, 0x00000250960d3800, 0x00000250960d0800,
0x00000250960d3000, 0x00000250960d4800, 0x00000250960d5000, 0x00000250960cf800,
0x00000250960d6000, 0x00000250960d7000, 0x000002509852c800, 0x000002509852a000,
0x0000025098530800, 0x000002509852e000, 0x000002509852d800, 0x000002509852b000,
0x000002509852f000, 0x0000025098530000, 0x0000025098531800, 0x000002509852c000,
0x0000025098537000, 0x0000025098532800, 0x0000025098534000, 0x0000025098536800,
0x0000025098535800, 0x0000025098538000, 0x0000025098539000, 0x0000025098533000,
0x0000025098535000, 0x0000025096b7d800, 0x0000025096b7e800, 0x0000025096b78800,
0x0000025096b7f000, 0x0000025096b7c800, 0x0000025096b79800, 0x0000025096b80000,
0x0000025096b7a000, 0x0000025096b80800, 0x0000025096b7b000, 0x0000025096b81800,
0x0000025096b7c000, 0x0000025096b86800, 0x0000025096b84000, 0x0000025096b85000,
0x0000025096b85800, 0x0000025096b83000, 0x0000025096b87800, 0x0000025096b82800,
0x0000025098678000, 0x0000025098676800, 0x0000025098675000, 0x0000025098679000,
0x0000025098677800, 0x0000025098676000, 0x000002509867f800, 0x000002509867a000,
0x000002509867f000, 0x000002509867b800, 0x000002509867d000, 0x000002509867a800,
0x0000025098680800, 0x000002509867e000, 0x0000025098681000, 0x0000025098682000,
0x000002509867c800, 0x0000025098683000, 0x0000025098683800, 0x00000250982ee000,
0x00000250982f1000, 0x00000250982f0800, 0x00000250982ec000, 0x00000250982f3000,
0x00000250982ef800, 0x00000250982ee800, 0x00000250982f2000, 0x00000250982ed000,
0x00000250982f3800, 0x00000250982f4800, 0x00000250982f9800, 0x00000250982f8800,
0x00000250982f5000, 0x00000250982f7000, 0x00000250982f7800, 0x00000250982fa000,
0x00000250982fb000, 0x00000250982f6000, 0x000002509891c800, 0x000002509891d800,
0x000002509891c000, 0x000002509891e800, 0x000002509891f000, 0x0000025098919800,
0x0000025098920000, 0x000002509891b000, 0x000002509891a800, 0x0000025098924000,
0x0000025098925800, 0x0000025098926800, 0x0000025098922800, 0x0000025098921000,
0x0000025098923800, 0x0000025098921800, 0x0000025098925000, 0x0000025098927800,
0x0000025098928000, 0x000002509842f000, 0x000002509842b000, 0x000002509842d800,
0x000002509842e800, 0x000002509842d000, 0x000002509842a800, 0x0000025098431000,
0x0000025098430000, 0x0000025098431800, 0x000002509842c000, 0x0000025098435000,
0x0000025098437800, 0x0000025098438000, 0x0000025098436000, 0x0000025098436800,
0x0000025098433800, 0x0000025098432800, 0x0000025098434000, 0x0000025098439000,
0x0000025096a76800
}

Java Threads: ( => current thread )
  0x00000250fa19d000 JavaThread "main" [_thread_blocked, id=60820, stack(0x000000c308b00000,0x000000c308c00000)]
  0x00000250ff32f000 JavaThread "Reference Handler" daemon [_thread_blocked, id=57636, stack(0x000000c309200000,0x000000c309300000)]
  0x00000250ff332000 JavaThread "Finalizer" daemon [_thread_blocked, id=65896, stack(0x000000c309300000,0x000000c309400000)]
  0x00000250ff34b800 JavaThread "Signal Dispatcher" daemon [_thread_blocked, id=62752, stack(0x000000c309400000,0x000000c309500000)]
  0x00000250ff34c800 JavaThread "Attach Listener" daemon [_thread_blocked, id=63832, stack(0x000000c309500000,0x000000c309600000)]
  0x00000250ff34d800 JavaThread "Service Thread" daemon [_thread_blocked, id=58584, stack(0x000000c309600000,0x000000c309700000)]
  0x00000250ff351000 JavaThread "C2 CompilerThread0" daemon [_thread_in_native, id=60180, stack(0x000000c309700000,0x000000c309800000)]
  0x00000250ff354000 JavaThread "C1 CompilerThread0" daemon [_thread_blocked, id=53520, stack(0x000000c309800000,0x000000c309900000)]
  0x00000250ff357000 JavaThread "Sweeper thread" daemon [_thread_blocked, id=26512, stack(0x000000c309900000,0x000000c309a00000)]
  0x00000250941a0800 JavaThread "Common-Cleaner" daemon [_thread_blocked, id=48508, stack(0x000000c309a00000,0x000000c309b00000)]
  0x00000250956b5800 JavaThread "Daemon health stats" [_thread_blocked, id=64568, stack(0x000000c309e00000,0x000000c309f00000)]
  0x00000250958ae800 JavaThread "Incoming local TCP Connector on port 49504" [_thread_in_native, id=39064, stack(0x000000c30a100000,0x000000c30a200000)]
  0x000002509502c000 JavaThread "Daemon periodic checks" [_thread_blocked, id=36840, stack(0x000000c30a200000,0x000000c30a300000)]
  0x0000025094d4d000 JavaThread "Daemon" [_thread_blocked, id=55032, stack(0x000000c30a300000,0x000000c30a400000)]
  0x0000025095ae7000 JavaThread "Handler for socket connection from /127.0.0.1:49504 to /127.0.0.1:49505" [_thread_in_native, id=43240, stack(0x000000c30a400000,0x000000c30a500000)]
  0x0000025095bbf800 JavaThread "Cancel handler" [_thread_blocked, id=63904, stack(0x000000c30a500000,0x000000c30a600000)]
  0x0000025095731800 JavaThread "Daemon worker" [_thread_blocked, id=34608, stack(0x000000c30a600000,0x000000c30a700000)]
  0x0000025094ede800 JavaThread "Asynchronous log dispatcher for DefaultDaemonConnection: socket connection from /127.0.0.1:49504 to /127.0.0.1:49505" [_thread_blocked, id=57472, stack(0x000000c30a700000,0x000000c30a800000)]
  0x0000025095bb9000 JavaThread "Stdin handler" [_thread_blocked, id=65908, stack(0x000000c30a800000,0x000000c30a900000)]
  0x0000025095bbb800 JavaThread "Thread-8" [_thread_blocked, id=65260, stack(0x000000c30a900000,0x000000c30aa00000)]
  0x0000025095bba800 JavaThread "Cache worker for file hash cache (C:\Users\msasd\.gradle\caches\6.7\fileHashes)" [_thread_blocked, id=58608, stack(0x000000c30af00000,0x000000c30b000000)]
  0x0000025095bbc000 JavaThread "File lock request listener" [_thread_in_native, id=63100, stack(0x000000c30b000000,0x000000c30b100000)]
  0x0000025095bb8000 JavaThread "Cache worker for journal cache (C:\Users\msasd\.gradle\caches\journal-1)" [_thread_blocked, id=65648, stack(0x000000c30b100000,0x000000c30b200000)]
  0x0000025095bbd000 JavaThread "Cache worker for file hash cache (C:\Code\VS_Code_Flutter\BMI Calculator\bmi_calculator\android\.gradle\6.7\fileHashes)" [_thread_blocked, id=65192, stack(0x000000c30b300000,0x000000c30b400000)]
  0x0000025095bb7800 JavaThread "Cache worker for checksums cache (C:\Code\VS_Code_Flutter\BMI Calculator\bmi_calculator\android\.gradle\checksums)" [_thread_blocked, id=63196, stack(0x000000c30b400000,0x000000c30b500000)]
  0x0000025095bb9800 JavaThread "Cache worker for cache directory md-supplier (C:\Users\msasd\.gradle\caches\6.7\md-supplier)" [_thread_blocked, id=44588, stack(0x000000c30b500000,0x000000c30b600000)]
  0x0000025095bbe000 JavaThread "Cache worker for cache directory md-rule (C:\Users\msasd\.gradle\caches\6.7\md-rule)" [_thread_blocked, id=61816, stack(0x000000c30b600000,0x000000c30b700000)]
  0x00000250960cb800 JavaThread "Cache worker for execution history cache (C:\Users\msasd\.gradle\caches\6.7\executionHistory)" [_thread_blocked, id=66588, stack(0x000000c30b700000,0x000000c30b800000)]
  0x00000250960ca000 JavaThread "jar transforms" [_thread_blocked, id=66692, stack(0x000000c30b900000,0x000000c30ba00000)]
  0x00000250960c8000 JavaThread "Cache worker for file content cache (C:\Users\msasd\.gradle\caches\6.7\fileContent)" [_thread_blocked, id=66696, stack(0x000000c30ba00000,0x000000c30bb00000)]
  0x00000250960ce800 JavaThread "Cache worker for Build Output Cleanup Cache (C:\Code\VS_Code_Flutter\BMI Calculator\bmi_calculator\android\.gradle\buildOutputCleanup)" [_thread_blocked, id=66800, stack(0x000000c30bb00000,0x000000c30bc00000)]
  0x00000250960d2000 JavaThread "Build operations" [_thread_blocked, id=66872, stack(0x000000c30b800000,0x000000c30b900000)]
  0x00000250960ce000 JavaThread "Build operations Thread 2" [_thread_blocked, id=66876, stack(0x000000c30bc00000,0x000000c30bd00000)]
  0x00000250960d1000 JavaThread "Build operations Thread 3" [_thread_blocked, id=66880, stack(0x000000c30bd00000,0x000000c30be00000)]
  0x00000250960d3800 JavaThread "Build operations Thread 4" [_thread_blocked, id=66884, stack(0x000000c30be00000,0x000000c30bf00000)]
  0x00000250960d0800 JavaThread "Build operations Thread 5" [_thread_blocked, id=66888, stack(0x000000c30bf00000,0x000000c30c000000)]
  0x00000250960d3000 JavaThread "Build operations Thread 6" [_thread_blocked, id=66892, stack(0x000000c30c000000,0x000000c30c100000)]
  0x00000250960d4800 JavaThread "Build operations Thread 7" [_thread_blocked, id=66896, stack(0x000000c30c100000,0x000000c30c200000)]
  0x00000250960d5000 JavaThread "Build operations Thread 8" [_thread_blocked, id=66900, stack(0x000000c30c200000,0x000000c30c300000)]
  0x00000250960cf800 JavaThread "jar transforms Thread 2" [_thread_blocked, id=66908, stack(0x000000c30c300000,0x000000c30c400000)]
  0x00000250960d6000 JavaThread "jar transforms Thread 3" [_thread_blocked, id=66912, stack(0x000000c30c400000,0x000000c30c500000)]
  0x00000250960d7000 JavaThread "jar transforms Thread 4" [_thread_blocked, id=66916, stack(0x000000c30c500000,0x000000c30c600000)]
  0x000002509852c800 JavaThread "jar transforms Thread 5" [_thread_blocked, id=66920, stack(0x000000c30c600000,0x000000c30c700000)]
  0x000002509852a000 JavaThread "jar transforms Thread 6" [_thread_blocked, id=66924, stack(0x000000c30c700000,0x000000c30c800000)]
  0x0000025098530800 JavaThread "jar transforms Thread 7" [_thread_blocked, id=66928, stack(0x000000c30c800000,0x000000c30c900000)]
  0x000002509852e000 JavaThread "jar transforms Thread 8" [_thread_blocked, id=66932, stack(0x000000c30c900000,0x000000c30ca00000)]
  0x000002509852d800 JavaThread "jar transforms Thread 9" [_thread_blocked, id=66936, stack(0x000000c30ca00000,0x000000c30cb00000)]
  0x000002509852b000 JavaThread "jar transforms Thread 10" [_thread_blocked, id=66940, stack(0x000000c30cb00000,0x000000c30cc00000)]
  0x000002509852f000 JavaThread "jar transforms Thread 11" [_thread_blocked, id=66944, stack(0x000000c30cc00000,0x000000c30cd00000)]
  0x0000025098530000 JavaThread "jar transforms Thread 12" [_thread_blocked, id=66948, stack(0x000000c30cd00000,0x000000c30ce00000)]
  0x0000025098531800 JavaThread "jar transforms Thread 13" [_thread_blocked, id=66952, stack(0x000000c30ce00000,0x000000c30cf00000)]
  0x000002509852c000 JavaThread "jar transforms Thread 14" [_thread_blocked, id=66956, stack(0x000000c30cf00000,0x000000c30d000000)]
  0x0000025098537000 JavaThread "jar transforms Thread 15" [_thread_blocked, id=66960, stack(0x000000c30d000000,0x000000c30d100000)]
  0x0000025098532800 JavaThread "jar transforms Thread 16" [_thread_blocked, id=66964, stack(0x000000c30d100000,0x000000c30d200000)]
  0x0000025098534000 JavaThread "jar transforms Thread 17" [_thread_blocked, id=66968, stack(0x000000c30d200000,0x000000c30d300000)]
  0x0000025098536800 JavaThread "jar transforms Thread 18" [_thread_blocked, id=66972, stack(0x000000c30d300000,0x000000c30d400000)]
  0x0000025098535800 JavaThread "jar transforms Thread 19" [_thread_blocked, id=66976, stack(0x000000c30d400000,0x000000c30d500000)]
  0x0000025098538000 JavaThread "jar transforms Thread 20" [_thread_blocked, id=66980, stack(0x000000c30d500000,0x000000c30d600000)]
  0x0000025098539000 JavaThread "jar transforms Thread 21" [_thread_blocked, id=66984, stack(0x000000c30d600000,0x000000c30d700000)]
  0x0000025098533000 JavaThread "jar transforms Thread 22" [_thread_blocked, id=66988, stack(0x000000c30d700000,0x000000c30d800000)]
  0x0000025098535000 JavaThread "jar transforms Thread 23" [_thread_blocked, id=66992, stack(0x000000c30d800000,0x000000c30d900000)]
  0x0000025096b7d800 JavaThread "jar transforms Thread 24" [_thread_blocked, id=66996, stack(0x000000c30d900000,0x000000c30da00000)]
  0x0000025096b7e800 JavaThread "jar transforms Thread 25" [_thread_blocked, id=67000, stack(0x000000c30da00000,0x000000c30db00000)]
  0x0000025096b78800 JavaThread "jar transforms Thread 26" [_thread_blocked, id=67004, stack(0x000000c30db00000,0x000000c30dc00000)]
  0x0000025096b7f000 JavaThread "jar transforms Thread 27" [_thread_blocked, id=67008, stack(0x000000c30dc00000,0x000000c30dd00000)]
  0x0000025096b7c800 JavaThread "jar transforms Thread 28" [_thread_blocked, id=67012, stack(0x000000c30dd00000,0x000000c30de00000)]
  0x0000025096b79800 JavaThread "jar transforms Thread 29" [_thread_blocked, id=67016, stack(0x000000c30de00000,0x000000c30df00000)]
  0x0000025096b80000 JavaThread "jar transforms Thread 30" [_thread_blocked, id=67020, stack(0x000000c30df00000,0x000000c30e000000)]
  0x0000025096b7a000 JavaThread "jar transforms Thread 31" [_thread_blocked, id=67024, stack(0x000000c30e000000,0x000000c30e100000)]
  0x0000025096b80800 JavaThread "jar transforms Thread 32" [_thread_blocked, id=67028, stack(0x000000c30e100000,0x000000c30e200000)]
  0x0000025096b7b000 JavaThread "jar transforms Thread 33" [_thread_blocked, id=67032, stack(0x000000c30e200000,0x000000c30e300000)]
  0x0000025096b81800 JavaThread "jar transforms Thread 34" [_thread_blocked, id=67036, stack(0x000000c30e300000,0x000000c30e400000)]
  0x0000025096b7c000 JavaThread "jar transforms Thread 35" [_thread_blocked, id=67040, stack(0x000000c30e400000,0x000000c30e500000)]
  0x0000025096b86800 JavaThread "jar transforms Thread 36" [_thread_blocked, id=67044, stack(0x000000c30e500000,0x000000c30e600000)]
  0x0000025096b84000 JavaThread "jar transforms Thread 37" [_thread_blocked, id=67048, stack(0x000000c30e600000,0x000000c30e700000)]
  0x0000025096b85000 JavaThread "jar transforms Thread 38" [_thread_blocked, id=67052, stack(0x000000c30e700000,0x000000c30e800000)]
  0x0000025096b85800 JavaThread "jar transforms Thread 39" [_thread_blocked, id=67056, stack(0x000000c30e800000,0x000000c30e900000)]
  0x0000025096b83000 JavaThread "jar transforms Thread 40" [_thread_blocked, id=67060, stack(0x000000c30e900000,0x000000c30ea00000)]
  0x0000025096b87800 JavaThread "jar transforms Thread 41" [_thread_blocked, id=67064, stack(0x000000c30ea00000,0x000000c30eb00000)]
  0x0000025096b82800 JavaThread "jar transforms Thread 42" [_thread_blocked, id=67068, stack(0x000000c30eb00000,0x000000c30ec00000)]
  0x0000025098678000 JavaThread "jar transforms Thread 43" [_thread_blocked, id=67072, stack(0x000000c30ec00000,0x000000c30ed00000)]
  0x0000025098676800 JavaThread "jar transforms Thread 44" [_thread_blocked, id=67076, stack(0x000000c30ed00000,0x000000c30ee00000)]
  0x0000025098675000 JavaThread "jar transforms Thread 45" [_thread_blocked, id=67080, stack(0x000000c30ee00000,0x000000c30ef00000)]
  0x0000025098679000 JavaThread "jar transforms Thread 46" [_thread_blocked, id=67084, stack(0x000000c30ef00000,0x000000c30f000000)]
  0x0000025098677800 JavaThread "jar transforms Thread 47" [_thread_blocked, id=67088, stack(0x000000c30f000000,0x000000c30f100000)]
  0x0000025098676000 JavaThread "jar transforms Thread 48" [_thread_blocked, id=67092, stack(0x000000c30f100000,0x000000c30f200000)]
  0x000002509867f800 JavaThread "jar transforms Thread 49" [_thread_blocked, id=67096, stack(0x000000c30f200000,0x000000c30f300000)]
  0x000002509867a000 JavaThread "jar transforms Thread 50" [_thread_blocked, id=67100, stack(0x000000c30f300000,0x000000c30f400000)]
  0x000002509867f000 JavaThread "jar transforms Thread 51" [_thread_blocked, id=67104, stack(0x000000c30f400000,0x000000c30f500000)]
  0x000002509867b800 JavaThread "jar transforms Thread 52" [_thread_blocked, id=67108, stack(0x000000c30f500000,0x000000c30f600000)]
  0x000002509867d000 JavaThread "jar transforms Thread 53" [_thread_blocked, id=67112, stack(0x000000c30f600000,0x000000c30f700000)]
  0x000002509867a800 JavaThread "jar transforms Thread 54" [_thread_blocked, id=67116, stack(0x000000c30f700000,0x000000c30f800000)]
  0x0000025098680800 JavaThread "jar transforms Thread 55" [_thread_blocked, id=67120, stack(0x000000c30f800000,0x000000c30f900000)]
  0x000002509867e000 JavaThread "jar transforms Thread 56" [_thread_blocked, id=67124, stack(0x000000c30f900000,0x000000c30fa00000)]
  0x0000025098681000 JavaThread "jar transforms Thread 57" [_thread_blocked, id=67128, stack(0x000000c30fa00000,0x000000c30fb00000)]
  0x0000025098682000 JavaThread "jar transforms Thread 58" [_thread_blocked, id=67132, stack(0x000000c30fb00000,0x000000c30fc00000)]
  0x000002509867c800 JavaThread "jar transforms Thread 59" [_thread_blocked, id=67136, stack(0x000000c30fc00000,0x000000c30fd00000)]
  0x0000025098683000 JavaThread "jar transforms Thread 60" [_thread_blocked, id=67140, stack(0x000000c30fd00000,0x000000c30fe00000)]
  0x0000025098683800 JavaThread "jar transforms Thread 61" [_thread_blocked, id=67144, stack(0x000000c30fe00000,0x000000c30ff00000)]
  0x00000250982ee000 JavaThread "jar transforms Thread 62" [_thread_blocked, id=67148, stack(0x000000c30ff00000,0x000000c310000000)]
  0x00000250982f1000 JavaThread "jar transforms Thread 63" [_thread_blocked, id=67152, stack(0x000000c310000000,0x000000c310100000)]
  0x00000250982f0800 JavaThread "jar transforms Thread 64" [_thread_blocked, id=67156, stack(0x000000c310100000,0x000000c310200000)]
  0x00000250982ec000 JavaThread "jar transforms Thread 65" [_thread_blocked, id=67160, stack(0x000000c310200000,0x000000c310300000)]
  0x00000250982f3000 JavaThread "jar transforms Thread 66" [_thread_blocked, id=67164, stack(0x000000c310300000,0x000000c310400000)]
  0x00000250982ef800 JavaThread "jar transforms Thread 67" [_thread_blocked, id=67168, stack(0x000000c310400000,0x000000c310500000)]
  0x00000250982ee800 JavaThread "jar transforms Thread 68" [_thread_blocked, id=67172, stack(0x000000c310500000,0x000000c310600000)]
  0x00000250982f2000 JavaThread "jar transforms Thread 69" [_thread_blocked, id=67176, stack(0x000000c310600000,0x000000c310700000)]
  0x00000250982ed000 JavaThread "jar transforms Thread 70" [_thread_blocked, id=67180, stack(0x000000c310700000,0x000000c310800000)]
  0x00000250982f3800 JavaThread "jar transforms Thread 71" [_thread_blocked, id=67184, stack(0x000000c310800000,0x000000c310900000)]
  0x00000250982f4800 JavaThread "jar transforms Thread 72" [_thread_blocked, id=67188, stack(0x000000c310900000,0x000000c310a00000)]
  0x00000250982f9800 JavaThread "jar transforms Thread 73" [_thread_blocked, id=67192, stack(0x000000c310a00000,0x000000c310b00000)]
  0x00000250982f8800 JavaThread "jar transforms Thread 74" [_thread_blocked, id=67196, stack(0x000000c310b00000,0x000000c310c00000)]
  0x00000250982f5000 JavaThread "jar transforms Thread 75" [_thread_blocked, id=67200, stack(0x000000c310c00000,0x000000c310d00000)]
  0x00000250982f7000 JavaThread "jar transforms Thread 76" [_thread_blocked, id=67204, stack(0x000000c310d00000,0x000000c310e00000)]
  0x00000250982f7800 JavaThread "jar transforms Thread 77" [_thread_blocked, id=67208, stack(0x000000c310e00000,0x000000c310f00000)]
  0x00000250982fa000 JavaThread "jar transforms Thread 78" [_thread_blocked, id=67212, stack(0x000000c310f00000,0x000000c311000000)]
  0x00000250982fb000 JavaThread "jar transforms Thread 79" [_thread_blocked, id=67216, stack(0x000000c311000000,0x000000c311100000)]
  0x00000250982f6000 JavaThread "jar transforms Thread 80" [_thread_blocked, id=67220, stack(0x000000c311100000,0x000000c311200000)]
  0x000002509891c800 JavaThread "jar transforms Thread 81" [_thread_blocked, id=67224, stack(0x000000c311200000,0x000000c311300000)]
  0x000002509891d800 JavaThread "jar transforms Thread 82" [_thread_blocked, id=67228, stack(0x000000c311300000,0x000000c311400000)]
  0x000002509891c000 JavaThread "jar transforms Thread 83" [_thread_blocked, id=67232, stack(0x000000c311400000,0x000000c311500000)]
  0x000002509891e800 JavaThread "jar transforms Thread 84" [_thread_blocked, id=67236, stack(0x000000c311500000,0x000000c311600000)]
  0x000002509891f000 JavaThread "jar transforms Thread 85" [_thread_blocked, id=67240, stack(0x000000c311600000,0x000000c311700000)]
  0x0000025098919800 JavaThread "jar transforms Thread 86" [_thread_blocked, id=67244, stack(0x000000c311700000,0x000000c311800000)]
  0x0000025098920000 JavaThread "jar transforms Thread 87" [_thread_blocked, id=67248, stack(0x000000c311800000,0x000000c311900000)]
  0x000002509891b000 JavaThread "jar transforms Thread 88" [_thread_blocked, id=67252, stack(0x000000c311900000,0x000000c311a00000)]
  0x000002509891a800 JavaThread "jar transforms Thread 89" [_thread_blocked, id=67256, stack(0x000000c311a00000,0x000000c311b00000)]
  0x0000025098924000 JavaThread "jar transforms Thread 90" [_thread_blocked, id=67260, stack(0x000000c311b00000,0x000000c311c00000)]
  0x0000025098925800 JavaThread "jar transforms Thread 91" [_thread_blocked, id=67264, stack(0x000000c311c00000,0x000000c311d00000)]
  0x0000025098926800 JavaThread "jar transforms Thread 92" [_thread_blocked, id=67268, stack(0x000000c311d00000,0x000000c311e00000)]
  0x0000025098922800 JavaThread "jar transforms Thread 93" [_thread_blocked, id=67272, stack(0x000000c311e00000,0x000000c311f00000)]
  0x0000025098921000 JavaThread "jar transforms Thread 94" [_thread_blocked, id=67276, stack(0x000000c311f00000,0x000000c312000000)]
  0x0000025098923800 JavaThread "jar transforms Thread 95" [_thread_blocked, id=67280, stack(0x000000c312000000,0x000000c312100000)]
  0x0000025098921800 JavaThread "jar transforms Thread 96" [_thread_blocked, id=67284, stack(0x000000c312100000,0x000000c312200000)]
  0x0000025098925000 JavaThread "jar transforms Thread 97" [_thread_blocked, id=67288, stack(0x000000c312200000,0x000000c312300000)]
  0x0000025098927800 JavaThread "jar transforms Thread 98" [_thread_blocked, id=67292, stack(0x000000c312300000,0x000000c312400000)]
  0x0000025098928000 JavaThread "jar transforms Thread 99" [_thread_blocked, id=67296, stack(0x000000c312400000,0x000000c312500000)]
  0x000002509842f000 JavaThread "jar transforms Thread 100" [_thread_blocked, id=67300, stack(0x000000c312500000,0x000000c312600000)]
  0x000002509842b000 JavaThread "jar transforms Thread 101" [_thread_blocked, id=67304, stack(0x000000c312600000,0x000000c312700000)]
  0x000002509842d800 JavaThread "jar transforms Thread 102" [_thread_blocked, id=67308, stack(0x000000c312700000,0x000000c312800000)]
  0x000002509842e800 JavaThread "jar transforms Thread 103" [_thread_blocked, id=67312, stack(0x000000c312800000,0x000000c312900000)]
  0x000002509842d000 JavaThread "jar transforms Thread 104" [_thread_blocked, id=67316, stack(0x000000c312900000,0x000000c312a00000)]
  0x000002509842a800 JavaThread "jar transforms Thread 105" [_thread_blocked, id=67320, stack(0x000000c312a00000,0x000000c312b00000)]
  0x0000025098431000 JavaThread "jar transforms Thread 106" [_thread_blocked, id=67324, stack(0x000000c312b00000,0x000000c312c00000)]
  0x0000025098430000 JavaThread "jar transforms Thread 107" [_thread_blocked, id=67328, stack(0x000000c312c00000,0x000000c312d00000)]
  0x0000025098431800 JavaThread "jar transforms Thread 108" [_thread_blocked, id=67332, stack(0x000000c312d00000,0x000000c312e00000)]
  0x000002509842c000 JavaThread "jar transforms Thread 109" [_thread_blocked, id=67336, stack(0x000000c312e00000,0x000000c312f00000)]
  0x0000025098435000 JavaThread "jar transforms Thread 110" [_thread_blocked, id=67340, stack(0x000000c312f00000,0x000000c313000000)]
  0x0000025098437800 JavaThread "jar transforms Thread 111" [_thread_blocked, id=67344, stack(0x000000c313000000,0x000000c313100000)]
  0x0000025098438000 JavaThread "jar transforms Thread 112" [_thread_blocked, id=67348, stack(0x000000c313100000,0x000000c313200000)]
  0x0000025098436000 JavaThread "jar transforms Thread 113" [_thread_blocked, id=67352, stack(0x000000c313200000,0x000000c313300000)]
  0x0000025098436800 JavaThread "jar transforms Thread 114" [_thread_blocked, id=67356, stack(0x000000c313300000,0x000000c313400000)]
  0x0000025098433800 JavaThread "jar transforms Thread 115" [_thread_blocked, id=67360, stack(0x000000c313400000,0x000000c313500000)]
  0x0000025098432800 JavaThread "jar transforms Thread 116" [_thread_blocked, id=67364, stack(0x000000c313500000,0x000000c313600000)]
  0x0000025098434000 JavaThread "pool-1-thread-1" [_thread_blocked, id=67512, stack(0x000000c313600000,0x000000c313700000)]
  0x0000025098439000 JavaThread "Memory manager" [_thread_blocked, id=67540, stack(0x000000c313700000,0x000000c313800000)]
  0x0000025096a76800 JavaThread "build event listener" [_thread_blocked, id=67580, stack(0x000000c313800000,0x000000c313900000)]

Other Threads:
=>0x00000250ff305800 VMThread "VM Thread" [stack: 0x000000c309100000,0x000000c309200000] [id=60572]
  0x00000250941c7800 WatcherThread [stack: 0x000000c309b00000,0x000000c309c00000] [id=62496]
  0x00000250fa1b7800 GCTaskThread "GC Thread#0" [stack: 0x000000c308c00000,0x000000c308d00000] [id=44456]
  0x0000025094b1c000 GCTaskThread "GC Thread#1" [stack: 0x000000c309c00000,0x000000c309d00000] [id=63916]
  0x0000025094b1d000 GCTaskThread "GC Thread#2" [stack: 0x000000c309d00000,0x000000c309e00000] [id=64940]
  0x000002509555f800 GCTaskThread "GC Thread#3" [stack: 0x000000c30aa00000,0x000000c30ab00000] [id=64156]
  0x0000025094e3b000 GCTaskThread "GC Thread#4" [stack: 0x000000c30ab00000,0x000000c30ac00000] [id=49620]
  0x0000025094edf800 GCTaskThread "GC Thread#5" [stack: 0x000000c30ac00000,0x000000c30ad00000] [id=42884]
  0x0000025095e35800 GCTaskThread "GC Thread#6" [stack: 0x000000c30ad00000,0x000000c30ae00000] [id=52824]
  0x0000025095c80800 GCTaskThread "GC Thread#7" [stack: 0x000000c30ae00000,0x000000c30af00000] [id=66204]
  0x00000250fa1dc800 ConcurrentGCThread "G1 Main Marker" [stack: 0x000000c308d00000,0x000000c308e00000] [id=66020]
  0x00000250fa1de800 ConcurrentGCThread "G1 Conc#0" [stack: 0x000000c308e00000,0x000000c308f00000] [id=57200]
  0x000002509555c800 ConcurrentGCThread "G1 Conc#1" [stack: 0x000000c30b200000,0x000000c30b300000] [id=52536]
  0x00000250fa26d800 ConcurrentGCThread "G1 Refine#0" [stack: 0x000000c308f00000,0x000000c309000000] [id=59592]
  0x00000250ff172800 ConcurrentGCThread "G1 Young RemSet Sampling" [stack: 0x000000c309000000,0x000000c309100000] [id=15400]

Threads with active compile tasks:
C2 CompilerThread0  18366 6732       4       sun.reflect.generics.parser.SignatureParser::parseClassTypeSignature (118 bytes)

VM state:at safepoint (normal execution)

VM Mutex/Monitor currently owned by a thread:  ([mutex/lock_event])
[0x00000250fa1994b0] Threads_lock - owner thread: 0x00000250ff305800
[0x00000250fa19ace0] Heap_lock - owner thread: 0x0000025095731800

Heap address: 0x00000000a0000000, size: 1536 MB, Compressed Oops mode: 32-bit
Narrow klass base: 0x0000000000000000, Narrow klass shift: 3
Compressed class space size: 1073741824 Address: 0x0000000100000000

Heap:
 garbage-first heap   total 129024K, used 65896K [0x00000000a0000000, 0x0000000100000000)
  region size 1024K, 4 young (4096K), 4 survivors (4096K)
 Metaspace       used 74315K, capacity 76263K, committed 76288K, reserved 1124352K
  class space    used 9756K, capacity 10476K, committed 10496K, reserved 1048576K
Heap Regions: E=young(eden), S=young(survivor), O=old, HS=humongous(starts), HC=humongous(continues), CS=collection set, F=free, A=archive, TAMS=top-at-mark-start (previous, next)
|   0|0x00000000a0000000, 0x00000000a0100000, 0x00000000a0100000|100%| O|  |TAMS 0x00000000a0100000, 0x00000000a0100000| Untracked 
|   1|0x00000000a0100000, 0x00000000a0200000, 0x00000000a0200000|100%| O|  |TAMS 0x00000000a0200000, 0x00000000a0200000| Untracked 
|   2|0x00000000a0200000, 0x00000000a0300000, 0x00000000a0300000|100%| O|  |TAMS 0x00000000a0300000, 0x00000000a0300000| Untracked 
|   3|0x00000000a0300000, 0x00000000a0400000, 0x00000000a0400000|100%|HS|  |TAMS 0x00000000a0400000, 0x00000000a0400000| Complete 
|   4|0x00000000a0400000, 0x00000000a0500000, 0x00000000a0500000|100%|HC|  |TAMS 0x00000000a0500000, 0x00000000a0500000| Complete 
|   5|0x00000000a0500000, 0x00000000a0600000, 0x00000000a0600000|100%|HC|  |TAMS 0x00000000a0600000, 0x00000000a0600000| Complete 
|   6|0x00000000a0600000, 0x00000000a0700000, 0x00000000a0700000|100%| O|  |TAMS 0x00000000a0700000, 0x00000000a0700000| Untracked 
|   7|0x00000000a0700000, 0x00000000a0800000, 0x00000000a0800000|100%| O|  |TAMS 0x00000000a0800000, 0x00000000a0800000| Untracked 
|   8|0x00000000a0800000, 0x00000000a0900000, 0x00000000a0900000|100%| O|  |TAMS 0x00000000a0900000, 0x00000000a0900000| Untracked 
|   9|0x00000000a0900000, 0x00000000a0a00000, 0x00000000a0a00000|100%| O|  |TAMS 0x00000000a0a00000, 0x00000000a0a00000| Untracked 
|  10|0x00000000a0a00000, 0x00000000a0b00000, 0x00000000a0b00000|100%| O|  |TAMS 0x00000000a0b00000, 0x00000000a0b00000| Untracked 
|  11|0x00000000a0b00000, 0x00000000a0c00000, 0x00000000a0c00000|100%| O|  |TAMS 0x00000000a0c00000, 0x00000000a0c00000| Untracked 
|  12|0x00000000a0c00000, 0x00000000a0d00000, 0x00000000a0d00000|100%| O|  |TAMS 0x00000000a0d00000, 0x00000000a0d00000| Untracked 
|  13|0x00000000a0d00000, 0x00000000a0e00000, 0x00000000a0e00000|100%| O|  |TAMS 0x00000000a0e00000, 0x00000000a0e00000| Untracked 
|  14|0x00000000a0e00000, 0x00000000a0f00000, 0x00000000a0f00000|100%| O|  |TAMS 0x00000000a0f00000, 0x00000000a0f00000| Untracked 
|  15|0x00000000a0f00000, 0x00000000a1000000, 0x00000000a1000000|100%| O|  |TAMS 0x00000000a1000000, 0x00000000a1000000| Untracked 
|  16|0x00000000a1000000, 0x00000000a1100000, 0x00000000a1100000|100%| O|  |TAMS 0x00000000a1100000, 0x00000000a1100000| Untracked 
|  17|0x00000000a1100000, 0x00000000a1200000, 0x00000000a1200000|100%| O|  |TAMS 0x00000000a1200000, 0x00000000a1200000| Untracked 
|  18|0x00000000a1200000, 0x00000000a1300000, 0x00000000a1300000|100%| O|  |TAMS 0x00000000a1300000, 0x00000000a1300000| Untracked 
|  19|0x00000000a1300000, 0x00000000a1400000, 0x00000000a1400000|100%| O|  |TAMS 0x00000000a1400000, 0x00000000a1400000| Untracked 
|  20|0x00000000a1400000, 0x00000000a1500000, 0x00000000a1500000|100%| O|  |TAMS 0x00000000a1500000, 0x00000000a1500000| Untracked 
|  21|0x00000000a1500000, 0x00000000a1600000, 0x00000000a1600000|100%| O|  |TAMS 0x00000000a1600000, 0x00000000a1600000| Untracked 
|  22|0x00000000a1600000, 0x00000000a1700000, 0x00000000a1700000|100%|HS|  |TAMS 0x00000000a1700000, 0x00000000a1700000| Complete 
|  23|0x00000000a1700000, 0x00000000a1800000, 0x00000000a1800000|100%|HS|  |TAMS 0x00000000a1800000, 0x00000000a1800000| Complete 
|  24|0x00000000a1800000, 0x00000000a1900000, 0x00000000a1900000|100%|HS|  |TAMS 0x00000000a1900000, 0x00000000a1900000| Complete 
|  25|0x00000000a1900000, 0x00000000a1a00000, 0x00000000a1a00000|100%|HC|  |TAMS 0x00000000a1a00000, 0x00000000a1a00000| Complete 
|  26|0x00000000a1a00000, 0x00000000a1b00000, 0x00000000a1b00000|100%|HC|  |TAMS 0x00000000a1b00000, 0x00000000a1b00000| Complete 
|  27|0x00000000a1b00000, 0x00000000a1c00000, 0x00000000a1c00000|100%|HS|  |TAMS 0x00000000a1c00000, 0x00000000a1c00000| Complete 
|  28|0x00000000a1c00000, 0x00000000a1d00000, 0x00000000a1d00000|100%|HC|  |TAMS 0x00000000a1d00000, 0x00000000a1d00000| Complete 
|  29|0x00000000a1d00000, 0x00000000a1e00000, 0x00000000a1e00000|100%| O|  |TAMS 0x00000000a1e00000, 0x00000000a1e00000| Untracked 
|  30|0x00000000a1e00000, 0x00000000a1f00000, 0x00000000a1f00000|100%| O|  |TAMS 0x00000000a1f00000, 0x00000000a1f00000| Untracked 
|  31|0x00000000a1f00000, 0x00000000a2000000, 0x00000000a2000000|100%| O|  |TAMS 0x00000000a2000000, 0x00000000a2000000| Untracked 
|  32|0x00000000a2000000, 0x00000000a2100000, 0x00000000a2100000|100%| O|  |TAMS 0x00000000a2100000, 0x00000000a2100000| Untracked 
|  33|0x00000000a2100000, 0x00000000a2200000, 0x00000000a2200000|100%| O|  |TAMS 0x00000000a2200000, 0x00000000a2200000| Untracked 
|  34|0x00000000a2200000, 0x00000000a2300000, 0x00000000a2300000|100%| O|  |TAMS 0x00000000a2300000, 0x00000000a2300000| Untracked 
|  35|0x00000000a2300000, 0x00000000a2400000, 0x00000000a2400000|100%| O|  |TAMS 0x00000000a2400000, 0x00000000a2400000| Untracked 
|  36|0x00000000a2400000, 0x00000000a2500000, 0x00000000a2500000|100%| O|  |TAMS 0x00000000a2500000, 0x00000000a2500000| Untracked 
|  37|0x00000000a2500000, 0x00000000a2600000, 0x00000000a2600000|100%| O|  |TAMS 0x00000000a2600000, 0x00000000a2600000| Untracked 
|  38|0x00000000a2600000, 0x00000000a2700000, 0x00000000a2700000|100%| O|  |TAMS 0x00000000a2700000, 0x00000000a2700000| Untracked 
|  39|0x00000000a2700000, 0x00000000a2800000, 0x00000000a2800000|100%| O|  |TAMS 0x00000000a2800000, 0x00000000a2800000| Untracked 
|  40|0x00000000a2800000, 0x00000000a2900000, 0x00000000a2900000|100%| O|  |TAMS 0x00000000a2900000, 0x00000000a2900000| Untracked 
|  41|0x00000000a2900000, 0x00000000a2a00000, 0x00000000a2a00000|100%| O|  |TAMS 0x00000000a2a00000, 0x00000000a2a00000| Untracked 
|  42|0x00000000a2a00000, 0x00000000a2b00000, 0x00000000a2b00000|100%| O|  |TAMS 0x00000000a2b00000, 0x00000000a2b00000| Untracked 
|  43|0x00000000a2b00000, 0x00000000a2c00000, 0x00000000a2c00000|100%| O|  |TAMS 0x00000000a2c00000, 0x00000000a2c00000| Untracked 
|  44|0x00000000a2c00000, 0x00000000a2d00000, 0x00000000a2d00000|100%| O|  |TAMS 0x00000000a2d00000, 0x00000000a2d00000| Untracked 
|  45|0x00000000a2d00000, 0x00000000a2e00000, 0x00000000a2e00000|100%| O|  |TAMS 0x00000000a2e00000, 0x00000000a2e00000| Untracked 
|  46|0x00000000a2e00000, 0x00000000a2f00000, 0x00000000a2f00000|100%| O|  |TAMS 0x00000000a2f00000, 0x00000000a2f00000| Untracked 
|  47|0x00000000a2f00000, 0x00000000a3000000, 0x00000000a3000000|100%| O|  |TAMS 0x00000000a3000000, 0x00000000a3000000| Untracked 
|  48|0x00000000a3000000, 0x00000000a3100000, 0x00000000a3100000|100%| O|  |TAMS 0x00000000a3100000, 0x00000000a3100000| Untracked 
|  49|0x00000000a3100000, 0x00000000a3200000, 0x00000000a3200000|100%| O|  |TAMS 0x00000000a3200000, 0x00000000a3200000| Untracked 
|  50|0x00000000a3200000, 0x00000000a3300000, 0x00000000a3300000|100%| O|  |TAMS 0x00000000a3300000, 0x00000000a3300000| Untracked 
|  51|0x00000000a3300000, 0x00000000a3400000, 0x00000000a3400000|100%| O|  |TAMS 0x00000000a3400000, 0x00000000a3400000| Untracked 
|  52|0x00000000a3400000, 0x00000000a3500000, 0x00000000a3500000|100%| O|  |TAMS 0x00000000a3500000, 0x00000000a3500000| Untracked 
|  53|0x00000000a3500000, 0x00000000a3600000, 0x00000000a3600000|100%| O|  |TAMS 0x00000000a3600000, 0x00000000a3600000| Untracked 
|  54|0x00000000a3600000, 0x00000000a3700000, 0x00000000a3700000|100%| O|  |TAMS 0x00000000a3700000, 0x00000000a3700000| Untracked 
|  55|0x00000000a3700000, 0x00000000a3800000, 0x00000000a3800000|100%| O|  |TAMS 0x00000000a3764600, 0x00000000a3800000| Untracked 
|  56|0x00000000a3800000, 0x00000000a3900000, 0x00000000a3900000|100%| O|  |TAMS 0x00000000a3800000, 0x00000000a3900000| Untracked 
|  57|0x00000000a3900000, 0x00000000a3a00000, 0x00000000a3a00000|100%| O|  |TAMS 0x00000000a3900000, 0x00000000a3a00000| Untracked 
|  58|0x00000000a3a00000, 0x00000000a3b00000, 0x00000000a3b00000|100%| O|  |TAMS 0x00000000a3a00000, 0x00000000a3b00000| Untracked 
|  59|0x00000000a3b00000, 0x00000000a3c00000, 0x00000000a3c00000|100%| O|  |TAMS 0x00000000a3b00000, 0x00000000a3c00000| Untracked 
|  60|0x00000000a3c00000, 0x00000000a3c5a000, 0x00000000a3d00000| 35%| O|  |TAMS 0x00000000a3c00000, 0x00000000a3c5a000| Untracked 
|  61|0x00000000a3d00000, 0x00000000a3d00000, 0x00000000a3e00000|  0%| F|  |TAMS 0x00000000a3d00000, 0x00000000a3d00000| Untracked 
|  62|0x00000000a3e00000, 0x00000000a3e00000, 0x00000000a3f00000|  0%| F|  |TAMS 0x00000000a3e00000, 0x00000000a3e00000| Untracked 
|  63|0x00000000a3f00000, 0x00000000a3f00000, 0x00000000a4000000|  0%| F|  |TAMS 0x00000000a3f00000, 0x00000000a3f00000| Untracked 
|  64|0x00000000a4000000, 0x00000000a4000000, 0x00000000a4100000|  0%| F|  |TAMS 0x00000000a4000000, 0x00000000a4000000| Untracked 
|  65|0x00000000a4100000, 0x00000000a4100000, 0x00000000a4200000|  0%| F|  |TAMS 0x00000000a4100000, 0x00000000a4100000| Untracked 
|  66|0x00000000a4200000, 0x00000000a4200000, 0x00000000a4300000|  0%| F|  |TAMS 0x00000000a4200000, 0x00000000a4200000| Untracked 
|  67|0x00000000a4300000, 0x00000000a4300000, 0x00000000a4400000|  0%| F|  |TAMS 0x00000000a4300000, 0x00000000a4300000| Untracked 
|  68|0x00000000a4400000, 0x00000000a4400000, 0x00000000a4500000|  0%| F|  |TAMS 0x00000000a4400000, 0x00000000a4400000| Untracked 
|  69|0x00000000a4500000, 0x00000000a4500000, 0x00000000a4600000|  0%| F|  |TAMS 0x00000000a4500000, 0x00000000a4500000| Untracked 
|  70|0x00000000a4600000, 0x00000000a4600000, 0x00000000a4700000|  0%| F|  |TAMS 0x00000000a4600000, 0x00000000a4600000| Untracked 
|  71|0x00000000a4700000, 0x00000000a4700000, 0x00000000a4800000|  0%| F|  |TAMS 0x00000000a4700000, 0x00000000a4700000| Untracked 
|  72|0x00000000a4800000, 0x00000000a4800000, 0x00000000a4900000|  0%| F|  |TAMS 0x00000000a4800000, 0x00000000a4800000| Untracked 
|  73|0x00000000a4900000, 0x00000000a4900000, 0x00000000a4a00000|  0%| F|  |TAMS 0x00000000a4900000, 0x00000000a4900000| Untracked 
|  74|0x00000000a4a00000, 0x00000000a4a00000, 0x00000000a4b00000|  0%| F|  |TAMS 0x00000000a4a00000, 0x00000000a4a00000| Untracked 
|  75|0x00000000a4b00000, 0x00000000a4b00000, 0x00000000a4c00000|  0%| F|  |TAMS 0x00000000a4b00000, 0x00000000a4b00000| Untracked 
|  76|0x00000000a4c00000, 0x00000000a4c00000, 0x00000000a4d00000|  0%| F|  |TAMS 0x00000000a4c00000, 0x00000000a4c00000| Untracked 
|  77|0x00000000a4d00000, 0x00000000a4d00000, 0x00000000a4e00000|  0%| F|  |TAMS 0x00000000a4d00000, 0x00000000a4d00000| Untracked 
|  78|0x00000000a4e00000, 0x00000000a4e00000, 0x00000000a4f00000|  0%| F|  |TAMS 0x00000000a4e00000, 0x00000000a4e00000| Untracked 
|  79|0x00000000a4f00000, 0x00000000a4f00000, 0x00000000a5000000|  0%| F|  |TAMS 0x00000000a4f00000, 0x00000000a4f00000| Untracked 
|  80|0x00000000a5000000, 0x00000000a5000000, 0x00000000a5100000|  0%| F|  |TAMS 0x00000000a5000000, 0x00000000a5000000| Untracked 
|  81|0x00000000a5100000, 0x00000000a5100000, 0x00000000a5200000|  0%| F|  |TAMS 0x00000000a5100000, 0x00000000a5100000| Untracked 
|  82|0x00000000a5200000, 0x00000000a5200000, 0x00000000a5300000|  0%| F|  |TAMS 0x00000000a5200000, 0x00000000a5200000| Untracked 
|  83|0x00000000a5300000, 0x00000000a5300000, 0x00000000a5400000|  0%| F|  |TAMS 0x00000000a5300000, 0x00000000a5300000| Untracked 
|  84|0x00000000a5400000, 0x00000000a5400000, 0x00000000a5500000|  0%| F|  |TAMS 0x00000000a5400000, 0x00000000a5400000| Untracked 
|  85|0x00000000a5500000, 0x00000000a5500000, 0x00000000a5600000|  0%| F|  |TAMS 0x00000000a5500000, 0x00000000a5500000| Untracked 
|  86|0x00000000a5600000, 0x00000000a5600000, 0x00000000a5700000|  0%| F|  |TAMS 0x00000000a5600000, 0x00000000a5600000| Untracked 
|  87|0x00000000a5700000, 0x00000000a5700000, 0x00000000a5800000|  0%| F|  |TAMS 0x00000000a5700000, 0x00000000a5700000| Untracked 
|  88|0x00000000a5800000, 0x00000000a5800000, 0x00000000a5900000|  0%| F|  |TAMS 0x00000000a5800000, 0x00000000a5800000| Untracked 
|  89|0x00000000a5900000, 0x00000000a5900000, 0x00000000a5a00000|  0%| F|  |TAMS 0x00000000a5900000, 0x00000000a5900000| Untracked 
|  90|0x00000000a5a00000, 0x00000000a5a00000, 0x00000000a5b00000|  0%| F|  |TAMS 0x00000000a5a00000, 0x00000000a5a00000| Untracked 
|  91|0x00000000a5b00000, 0x00000000a5b00000, 0x00000000a5c00000|  0%| F|  |TAMS 0x00000000a5b00000, 0x00000000a5b00000| Untracked 
|  92|0x00000000a5c00000, 0x00000000a5c00000, 0x00000000a5d00000|  0%| F|  |TAMS 0x00000000a5c00000, 0x00000000a5c00000| Untracked 
|  93|0x00000000a5d00000, 0x00000000a5d00000, 0x00000000a5e00000|  0%| F|  |TAMS 0x00000000a5d00000, 0x00000000a5d00000| Untracked 
|  94|0x00000000a5e00000, 0x00000000a5e00000, 0x00000000a5f00000|  0%| F|  |TAMS 0x00000000a5e00000, 0x00000000a5e00000| Untracked 
|  95|0x00000000a5f00000, 0x00000000a5f00000, 0x00000000a6000000|  0%| F|  |TAMS 0x00000000a5f00000, 0x00000000a5f00000| Untracked 
|  96|0x00000000a6000000, 0x00000000a6000000, 0x00000000a6100000|  0%| F|  |TAMS 0x00000000a6000000, 0x00000000a6000000| Untracked 
|  97|0x00000000a6100000, 0x00000000a6100000, 0x00000000a6200000|  0%| F|  |TAMS 0x00000000a6100000, 0x00000000a6100000| Untracked 
|  98|0x00000000a6200000, 0x00000000a6200000, 0x00000000a6300000|  0%| F|  |TAMS 0x00000000a6200000, 0x00000000a6200000| Untracked 
|  99|0x00000000a6300000, 0x00000000a6300000, 0x00000000a6400000|  0%| F|  |TAMS 0x00000000a6300000, 0x00000000a6300000| Untracked 
| 100|0x00000000a6400000, 0x00000000a6400000, 0x00000000a6500000|  0%| F|  |TAMS 0x00000000a6400000, 0x00000000a6400000| Untracked 
| 101|0x00000000a6500000, 0x00000000a6500000, 0x00000000a6600000|  0%| F|  |TAMS 0x00000000a6500000, 0x00000000a6500000| Untracked 
| 102|0x00000000a6600000, 0x00000000a6600000, 0x00000000a6700000|  0%| F|  |TAMS 0x00000000a6600000, 0x00000000a6600000| Untracked 
| 103|0x00000000a6700000, 0x00000000a6700000, 0x00000000a6800000|  0%| F|  |TAMS 0x00000000a6700000, 0x00000000a6700000| Untracked 
| 104|0x00000000a6800000, 0x00000000a6800000, 0x00000000a6900000|  0%| F|  |TAMS 0x00000000a6800000, 0x00000000a6800000| Untracked 
| 105|0x00000000a6900000, 0x00000000a6900000, 0x00000000a6a00000|  0%| F|  |TAMS 0x00000000a6900000, 0x00000000a6900000| Untracked 
| 106|0x00000000a6a00000, 0x00000000a6b00000, 0x00000000a6b00000|100%| S|CS|TAMS 0x00000000a6a00000, 0x00000000a6a00000| Complete 
| 107|0x00000000a6b00000, 0x00000000a6c00000, 0x00000000a6c00000|100%| S|CS|TAMS 0x00000000a6b00000, 0x00000000a6b00000| Complete 
| 108|0x00000000a6c00000, 0x00000000a6d00000, 0x00000000a6d00000|100%| S|CS|TAMS 0x00000000a6c00000, 0x00000000a6c00000| Complete 
| 109|0x00000000a6d00000, 0x00000000a6e00000, 0x00000000a6e00000|100%| S|CS|TAMS 0x00000000a6d00000, 0x00000000a6d00000| Complete 
| 110|0x00000000a6e00000, 0x00000000a6e00000, 0x00000000a6f00000|  0%| F|  |TAMS 0x00000000a6e00000, 0x00000000a6e00000| Untracked 
| 111|0x00000000a6f00000, 0x00000000a6f00000, 0x00000000a7000000|  0%| F|  |TAMS 0x00000000a6f00000, 0x00000000a6f00000| Untracked 
| 112|0x00000000a7000000, 0x00000000a7000000, 0x00000000a7100000|  0%| F|  |TAMS 0x00000000a7000000, 0x00000000a7000000| Untracked 
| 113|0x00000000a7100000, 0x00000000a7100000, 0x00000000a7200000|  0%| F|  |TAMS 0x00000000a7100000, 0x00000000a7100000| Untracked 
| 114|0x00000000a7200000, 0x00000000a7200000, 0x00000000a7300000|  0%| F|  |TAMS 0x00000000a7200000, 0x00000000a7200000| Untracked 
| 115|0x00000000a7300000, 0x00000000a7300000, 0x00000000a7400000|  0%| F|  |TAMS 0x00000000a7300000, 0x00000000a7300000| Untracked 
| 116|0x00000000a7400000, 0x00000000a7400000, 0x00000000a7500000|  0%| F|  |TAMS 0x00000000a7400000, 0x00000000a7400000| Untracked 
| 117|0x00000000a7500000, 0x00000000a7500000, 0x00000000a7600000|  0%| F|  |TAMS 0x00000000a7500000, 0x00000000a7500000| Untracked 
| 118|0x00000000a7600000, 0x00000000a7600000, 0x00000000a7700000|  0%| F|  |TAMS 0x00000000a7600000, 0x00000000a7600000| Untracked 
| 119|0x00000000a7700000, 0x00000000a7700000, 0x00000000a7800000|  0%| F|  |TAMS 0x00000000a7700000, 0x00000000a7700000| Untracked 
| 120|0x00000000a7800000, 0x00000000a7800000, 0x00000000a7900000|  0%| F|  |TAMS 0x00000000a7800000, 0x00000000a7800000| Untracked 
| 121|0x00000000a7900000, 0x00000000a7900000, 0x00000000a7a00000|  0%| F|  |TAMS 0x00000000a7900000, 0x00000000a7900000| Untracked 
| 122|0x00000000a7a00000, 0x00000000a7a00000, 0x00000000a7b00000|  0%| F|  |TAMS 0x00000000a7a00000, 0x00000000a7a00000| Untracked 
| 123|0x00000000a7b00000, 0x00000000a7b00000, 0x00000000a7c00000|  0%| F|  |TAMS 0x00000000a7b00000, 0x00000000a7b00000| Untracked 
| 124|0x00000000a7c00000, 0x00000000a7c00000, 0x00000000a7d00000|  0%| F|  |TAMS 0x00000000a7c00000, 0x00000000a7c00000| Untracked 
| 125|0x00000000a7d00000, 0x00000000a7d00000, 0x00000000a7e00000|  0%| F|  |TAMS 0x00000000a7d00000, 0x00000000a7d00000| Untracked 

Card table byte_map: [0x00000250fe2d0000,0x00000250fe5d0000] _byte_map_base: 0x00000250fddd0000

Marking Bits (Prev, Next): (CMBitMap*) 0x00000250fa1d59d8, (CMBitMap*) 0x00000250fa1d5a10
 Prev Bits: [0x000002508f000000, 0x0000025090800000)
 Next Bits: [0x0000025090800000, 0x0000025092000000)

Polling page: 0x00000250f9970000

Metaspace:

Usage:
  Non-class:     64.25 MB capacity,    63.05 MB ( 98%) used,     1.03 MB (  2%) free+waste,   173.63 KB ( <1%) overhead. 
      Class:     10.23 MB capacity,     9.53 MB ( 93%) used,   636.82 KB (  6%) free+waste,    82.69 KB ( <1%) overhead. 
       Both:     74.48 MB capacity,    72.57 MB ( 97%) used,     1.65 MB (  2%) free+waste,   256.31 KB ( <1%) overhead. 

Virtual space:
  Non-class space:       74.00 MB reserved,      64.25 MB ( 87%) committed 
      Class space:        1.00 GB reserved,      10.25 MB (  1%) committed 
             Both:        1.07 GB reserved,      74.50 MB (  7%) committed 

Chunk freelists:
   Non-Class:  5.00 KB
       Class:  20.00 KB
        Both:  25.00 KB

MaxMetaspaceSize: 17179869184.00 GB
CompressedClassSpaceSize: 1.00 GB

CodeHeap 'non-profiled nmethods': size=120000Kb used=3466Kb max_used=3466Kb free=116533Kb
 bounds [0x0000025087ad0000, 0x0000025087e40000, 0x000002508f000000]
CodeHeap 'profiled nmethods': size=120000Kb used=14601Kb max_used=14601Kb free=105398Kb
 bounds [0x00000250805a0000, 0x00000250813f0000, 0x0000025087ad0000]
CodeHeap 'non-nmethods': size=5760Kb used=2273Kb max_used=2312Kb free=3486Kb
 bounds [0x0000025080000000, 0x0000025080270000, 0x00000250805a0000]
 total_blobs=7594 nmethods=6741 adapters=763
 compilation: enabled
              stopped_count=0, restarted_count=0
 full_count=0

Compilation events (20 events):
Event: 18.292 Thread 0x00000250ff354000 6862       1       java.util.ArrayList$ArrayListSpliterator::characteristics (4 bytes)
Event: 18.293 Thread 0x00000250ff354000 nmethod 6862 0x0000025087e32510 code [0x0000025087e326c0, 0x0000025087e32778]
Event: 18.300 Thread 0x00000250ff354000 6863       3       java.util.ArrayDeque::sub (14 bytes)
Event: 18.300 Thread 0x00000250ff354000 nmethod 6863 0x00000250813df590 code [0x00000250813df740, 0x00000250813df858]
Event: 18.304 Thread 0x00000250ff354000 6865       2       org.gradle.internal.instantiation.generator.AbstractClassGenerator$DslMixInPropertyType::addSetMethods (180 bytes)
Event: 18.306 Thread 0x00000250ff354000 nmethod 6865 0x00000250813df910 code [0x00000250813dfbc0, 0x00000250813e0308]
Event: 18.306 Thread 0x00000250ff354000 6866       2       org.gradle.cache.internal.DefaultCrossBuildInMemoryCacheFactory$DefaultCrossBuildInMemoryCache::maybeGetRetainedValue (25 bytes)
Event: 18.306 Thread 0x00000250ff354000 nmethod 6866 0x00000250813e0790 code [0x00000250813e0960, 0x00000250813e0af8]
Event: 18.310 Thread 0x00000250ff354000 6867       2       org.gradle.internal.typeconversion.NotationConverterToNotationParserAdapter::parseNotation (41 bytes)
Event: 18.310 Thread 0x00000250ff354000 nmethod 6867 0x00000250813e0c10 code [0x00000250813e0de0, 0x00000250813e1038]
Event: 18.310 Thread 0x00000250ff354000 6868       2       org.gradle.internal.typeconversion.NotationConverterToNotationParserAdapter$ResultImpl::<init> (5 bytes)
Event: 18.310 Thread 0x00000250ff354000 nmethod 6868 0x00000250813e1190 code [0x00000250813e1340, 0x00000250813e1438]
Event: 18.310 Thread 0x00000250ff354000 6869       2       org.gradle.internal.typeconversion.NotationConverterToNotationParserAdapter$ResultImpl::<init> (5 bytes)
Event: 18.310 Thread 0x00000250ff354000 nmethod 6869 0x00000250813e1510 code [0x00000250813e16c0, 0x00000250813e17b8]
Event: 18.314 Thread 0x00000250ff354000 6872       2       org.gradle.internal.instantiation.generator.AbstractClassGenerator::visitFields (50 bytes)
Event: 18.314 Thread 0x00000250ff354000 nmethod 6872 0x00000250813e1890 code [0x00000250813e1a80, 0x00000250813e1d08]
Event: 18.320 Thread 0x00000250ff354000 6875       1       org.gradle.internal.graph.CachingDirectedGraphWalker$NodeDetails::access$300 (5 bytes)
Event: 18.320 Thread 0x00000250ff354000 nmethod 6875 0x0000025087e32810 code [0x0000025087e329c0, 0x0000025087e32a58]
Event: 18.322 Thread 0x00000250ff354000 6877       2       com.google.common.collect.LinkedHashMultimap$ValueSet$1::next (43 bytes)
Event: 18.323 Thread 0x00000250ff354000 nmethod 6877 0x00000250813e1e90 code [0x00000250813e2080, 0x00000250813e2418]

GC Heap History (20 events):
Event: 9.944 GC heap before
{Heap before GC invocations=9 (full 0):
 garbage-first heap   total 129024K, used 86036K [0x00000000a0000000, 0x0000000100000000)
  region size 1024K, 67 young (68608K), 8 survivors (8192K)
 Metaspace       used 43984K, capacity 44991K, committed 45312K, reserved 1089536K
  class space    used 5646K, capacity 6025K, committed 6144K, reserved 1048576K
}
Event: 9.952 GC heap after
{Heap after GC invocations=10 (full 0):
 garbage-first heap   total 129024K, used 27973K [0x00000000a0000000, 0x0000000100000000)
  region size 1024K, 7 young (7168K), 7 survivors (7168K)
 Metaspace       used 43984K, capacity 44991K, committed 45312K, reserved 1089536K
  class space    used 5646K, capacity 6025K, committed 6144K, reserved 1048576K
}
Event: 11.517 GC heap before
{Heap before GC invocations=10 (full 0):
 garbage-first heap   total 129024K, used 95557K [0x00000000a0000000, 0x0000000100000000)
  region size 1024K, 67 young (68608K), 7 survivors (7168K)
 Metaspace       used 50380K, capacity 51543K, committed 51712K, reserved 1093632K
  class space    used 6413K, capacity 6842K, committed 6912K, reserved 1048576K
}
Event: 11.524 GC heap after
{Heap after GC invocations=11 (full 0):
 garbage-first heap   total 129024K, used 42073K [0x00000000a0000000, 0x0000000100000000)
  region size 1024K, 9 young (9216K), 9 survivors (9216K)
 Metaspace       used 50380K, capacity 51543K, committed 51712K, reserved 1093632K
  class space    used 6413K, capacity 6842K, committed 6912K, reserved 1048576K
}
Event: 12.869 GC heap before
{Heap before GC invocations=11 (full 0):
 garbage-first heap   total 129024K, used 95321K [0x00000000a0000000, 0x0000000100000000)
  region size 1024K, 61 young (62464K), 9 survivors (9216K)
 Metaspace       used 55664K, capacity 56984K, committed 57088K, reserved 1099776K
  class space    used 7089K, capacity 7580K, committed 7680K, reserved 1048576K
}
Event: 12.876 GC heap after
{Heap after GC invocations=12 (full 0):
 garbage-first heap   total 129024K, used 46182K [0x00000000a0000000, 0x0000000100000000)
  region size 1024K, 4 young (4096K), 4 survivors (4096K)
 Metaspace       used 55664K, capacity 56984K, committed 57088K, reserved 1099776K
  class space    used 7089K, capacity 7580K, committed 7680K, reserved 1048576K
}
Event: 13.920 GC heap before
{Heap before GC invocations=12 (full 0):
 garbage-first heap   total 129024K, used 98406K [0x00000000a0000000, 0x0000000100000000)
  region size 1024K, 54 young (55296K), 4 survivors (4096K)
 Metaspace       used 61588K, capacity 62881K, committed 63104K, reserved 1103872K
  class space    used 7780K, capacity 8286K, committed 8320K, reserved 1048576K
}
Event: 13.925 GC heap after
{Heap after GC invocations=13 (full 0):
 garbage-first heap   total 129024K, used 48303K [0x00000000a0000000, 0x0000000100000000)
  region size 1024K, 6 young (6144K), 6 survivors (6144K)
 Metaspace       used 61588K, capacity 62881K, committed 63104K, reserved 1103872K
  class space    used 7780K, capacity 8286K, committed 8320K, reserved 1048576K
}
Event: 14.539 GC heap before
{Heap before GC invocations=13 (full 0):
 garbage-first heap   total 129024K, used 99503K [0x00000000a0000000, 0x0000000100000000)
  region size 1024K, 56 young (57344K), 6 survivors (6144K)
 Metaspace       used 62600K, capacity 64174K, committed 64384K, reserved 1105920K
  class space    used 7927K, capacity 8522K, committed 8576K, reserved 1048576K
}
Event: 14.546 GC heap after
{Heap after GC invocations=14 (full 0):
 garbage-first heap   total 129024K, used 52799K [0x00000000a0000000, 0x0000000100000000)
  region size 1024K, 7 young (7168K), 7 survivors (7168K)
 Metaspace       used 62600K, capacity 64174K, committed 64384K, reserved 1105920K
  class space    used 7927K, capacity 8522K, committed 8576K, reserved 1048576K
}
Event: 15.183 GC heap before
{Heap before GC invocations=14 (full 0):
 garbage-first heap   total 129024K, used 100927K [0x00000000a0000000, 0x0000000100000000)
  region size 1024K, 54 young (55296K), 7 survivors (7168K)
 Metaspace       used 65661K, capacity 67388K, committed 67712K, reserved 1107968K
  class space    used 8378K, capacity 9018K, committed 9088K, reserved 1048576K
}
Event: 15.190 GC heap after
{Heap after GC invocations=15 (full 0):
 garbage-first heap   total 129024K, used 56837K [0x00000000a0000000, 0x0000000100000000)
  region size 1024K, 5 young (5120K), 5 survivors (5120K)
 Metaspace       used 65661K, capacity 67388K, committed 67712K, reserved 1107968K
  class space    used 8378K, capacity 9018K, committed 9088K, reserved 1048576K
}
Event: 15.533 GC heap before
{Heap before GC invocations=15 (full 0):
 garbage-first heap   total 129024K, used 71173K [0x00000000a0000000, 0x0000000100000000)
  region size 1024K, 20 young (20480K), 5 survivors (5120K)
 Metaspace       used 67461K, capacity 69258K, committed 69504K, reserved 1110016K
  class space    used 8690K, capacity 9340K, committed 9344K, reserved 1048576K
}
Event: 15.536 GC heap after
{Heap after GC invocations=16 (full 0):
 garbage-first heap   total 129024K, used 58177K [0x00000000a0000000, 0x0000000100000000)
  region size 1024K, 2 young (2048K), 2 survivors (2048K)
 Metaspace       used 67461K, capacity 69258K, committed 69504K, reserved 1110016K
  class space    used 8690K, capacity 9340K, committed 9344K, reserved 1048576K
}
Event: 16.423 GC heap before
{Heap before GC invocations=17 (full 0):
 garbage-first heap   total 129024K, used 104257K [0x00000000a0000000, 0x0000000100000000)
  region size 1024K, 47 young (48128K), 2 survivors (2048K)
 Metaspace       used 69309K, capacity 71065K, committed 71168K, reserved 1110016K
  class space    used 9021K, capacity 9725K, committed 9728K, reserved 1048576K
}
Event: 16.428 GC heap after
{Heap after GC invocations=18 (full 0):
 garbage-first heap   total 129024K, used 61833K [0x00000000a0000000, 0x0000000100000000)
  region size 1024K, 5 young (5120K), 5 survivors (5120K)
 Metaspace       used 69309K, capacity 71065K, committed 71168K, reserved 1110016K
  class space    used 9021K, capacity 9725K, committed 9728K, reserved 1048576K
}
Event: 17.776 GC heap before
{Heap before GC invocations=18 (full 0):
 garbage-first heap   total 129024K, used 104841K [0x00000000a0000000, 0x0000000100000000)
  region size 1024K, 47 young (48128K), 5 survivors (5120K)
 Metaspace       used 72659K, capacity 74635K, committed 74880K, reserved 1114112K
  class space    used 9512K, capacity 10264K, committed 10368K, reserved 1048576K
}
Event: 17.783 GC heap after
{Heap after GC invocations=19 (full 0):
 garbage-first heap   total 129024K, used 65078K [0x00000000a0000000, 0x0000000100000000)
  region size 1024K, 4 young (4096K), 4 survivors (4096K)
 Metaspace       used 72659K, capacity 74635K, committed 74880K, reserved 1114112K
  class space    used 9512K, capacity 10264K, committed 10368K, reserved 1048576K
}
Event: 18.328 GC heap before
{Heap before GC invocations=19 (full 0):
 garbage-first heap   total 129024K, used 80438K [0x00000000a0000000, 0x0000000100000000)
  region size 1024K, 20 young (20480K), 4 survivors (4096K)
 Metaspace       used 74315K, capacity 76263K, committed 76288K, reserved 1122304K
  class space    used 9756K, capacity 10476K, committed 10496K, reserved 1048576K
}
Event: 18.333 GC heap after
{Heap after GC invocations=20 (full 0):
 garbage-first heap   total 129024K, used 65896K [0x00000000a0000000, 0x0000000100000000)
  region size 1024K, 4 young (4096K), 4 survivors (4096K)
 Metaspace       used 74315K, capacity 76263K, committed 76288K, reserved 1122304K
  class space    used 9756K, capacity 10476K, committed 10496K, reserved 1048576K
}

Deoptimization events (20 events):
Event: 16.965 Thread 0x0000025095731800 DEOPT PACKING pc=0x0000025087c0c7d4 sp=0x000000c30a6fa600
Event: 16.965 Thread 0x0000025095731800 DEOPT UNPACKING pc=0x00000250800083af sp=0x000000c30a6fa5c8 mode 2
Event: 17.032 Thread 0x0000025095731800 DEOPT PACKING pc=0x0000025080ff7adb sp=0x000000c30a6f9ca0
Event: 17.032 Thread 0x0000025095731800 DEOPT UNPACKING pc=0x0000025080027c0e sp=0x000000c30a6f9150 mode 0
Event: 17.087 Thread 0x0000025095731800 DEOPT PACKING pc=0x0000025080d2c088 sp=0x000000c30a6faac0
Event: 17.087 Thread 0x0000025095731800 DEOPT UNPACKING pc=0x0000025080027c0e sp=0x000000c30a6f9ff0 mode 0
Event: 17.492 Thread 0x0000025095731800 Uncommon trap: trap_request=0xffffff4d fr.pc=0x0000025087d64378 relative=0x00000000000010f8
Event: 17.492 Thread 0x0000025095731800 Uncommon trap: reason=unstable_if action=reinterpret pc=0x0000025087d64378 method=java.util.jar.JarFile.maybeInstantiateVerifier()V @ 4 c2
Event: 17.492 Thread 0x0000025095731800 DEOPT PACKING pc=0x0000025087d64378 sp=0x000000c30a6f8ab0
Event: 17.492 Thread 0x0000025095731800 DEOPT UNPACKING pc=0x00000250800083af sp=0x000000c30a6f8940 mode 2
Event: 18.222 Thread 0x0000025095731800 Uncommon trap: trap_request=0xffffff4d fr.pc=0x0000025087d59b34 relative=0x00000000000005d4
Event: 18.222 Thread 0x0000025095731800 Uncommon trap: reason=unstable_if action=reinterpret pc=0x0000025087d59b34 method=com.sun.org.apache.xerces.internal.impl.XMLEntityScanner.scanLiteral(ILcom/sun/org/apache/xerces/internal/xni/XMLString;Z)I @ 660 c2
Event: 18.222 Thread 0x0000025095731800 DEOPT PACKING pc=0x0000025087d59b34 sp=0x000000c30a6f9e80
Event: 18.222 Thread 0x0000025095731800 DEOPT UNPACKING pc=0x00000250800083af sp=0x000000c30a6f9e28 mode 2
Event: 18.238 Thread 0x0000025095731800 Uncommon trap: trap_request=0xffffff4d fr.pc=0x0000025087d7e94c relative=0x000000000000026c
Event: 18.238 Thread 0x0000025095731800 Uncommon trap: reason=unstable_if action=reinterpret pc=0x0000025087d7e94c method=java.lang.CharacterDataLatin1.digit(II)I @ 12 c2
Event: 18.238 Thread 0x0000025095731800 DEOPT PACKING pc=0x0000025087d7e94c sp=0x000000c30a6f9f70
Event: 18.238 Thread 0x0000025095731800 DEOPT UNPACKING pc=0x00000250800083af sp=0x000000c30a6f9d90 mode 2
Event: 18.257 Thread 0x0000025095731800 DEOPT PACKING pc=0x00000250810452e9 sp=0x000000c30a6f9a40
Event: 18.257 Thread 0x0000025095731800 DEOPT UNPACKING pc=0x0000025080027c0e sp=0x000000c30a6f8ee8 mode 0

Classes redefined (0 events):
No events

Internal exceptions (20 events):
Event: 16.611 Thread 0x0000025095731800 Exception <a 'java/lang/ClassNotFoundException'{0x00000000a72e6e88}: com/android/build/gradle/internal/res/LinkApplicationAndroidResourcesTaskBeanInfo> (0x00000000a72e6e88) thrown at [./src/hotspot/share/classfile/systemDictionary.cpp, line 231]
Event: 16.612 Thread 0x0000025095731800 Exception <a 'java/lang/ClassNotFoundException'{0x00000000a7100540}: com/android/build/gradle/tasks/ProcessAndroidResourcesBeanInfo> (0x00000000a7100540) thrown at [./src/hotspot/share/classfile/systemDictionary.cpp, line 231]
Event: 16.613 Thread 0x0000025095731800 Exception <a 'java/lang/ClassNotFoundException'{0x00000000a7119960}: com/android/build/gradle/tasks/ProcessAndroidResourcesCustomizer> (0x00000000a7119960) thrown at [./src/hotspot/share/classfile/systemDictionary.cpp, line 231]
Event: 16.619 Thread 0x0000025095731800 Exception <a 'java/lang/ClassNotFoundException'{0x00000000a7149b38}: com/android/build/gradle/internal/res/LinkApplicationAndroidResourcesTaskCustomizer> (0x00000000a7149b38) thrown at [./src/hotspot/share/classfile/systemDictionary.cpp, line 231]
Event: 16.623 Thread 0x0000025095731800 Exception <a 'java/lang/ClassNotFoundException'{0x00000000a71c5b08}: com/android/build/gradle/internal/res/LinkApplicationAndroidResourcesTask_DecoratedCustomizer> (0x00000000a71c5b08) thrown at [./src/hotspot/share/classfile/systemDictionary.cpp, line 231]
Event: 16.781 Thread 0x0000025095731800 Exception <a 'java/lang/ClassNotFoundException'{0x00000000a6935b40}: org/gradle/api/internal/file/collections/DefaultConfigurableFileTreeBeanInfo> (0x00000000a6935b40) thrown at [./src/hotspot/share/classfile/systemDictionary.cpp, line 231]
Event: 16.792 Thread 0x0000025095731800 Exception <a 'java/lang/ClassNotFoundException'{0x00000000a6962060}: org/gradle/api/internal/file/CompositeFileTreeBeanInfo> (0x00000000a6962060) thrown at [./src/hotspot/share/classfile/systemDictionary.cpp, line 231]
Event: 16.794 Thread 0x0000025095731800 Exception <a 'java/lang/ClassNotFoundException'{0x00000000a6990798}: org/gradle/api/internal/file/CompositeFileCollectionBeanInfo> (0x00000000a6990798) thrown at [./src/hotspot/share/classfile/systemDictionary.cpp, line 231]
Event: 16.795 Thread 0x0000025095731800 Exception <a 'java/lang/ClassNotFoundException'{0x00000000a69bed78}: org/gradle/api/internal/file/CompositeFileCollectionCustomizer> (0x00000000a69bed78) thrown at [./src/hotspot/share/classfile/systemDictionary.cpp, line 231]
Event: 16.802 Thread 0x0000025095731800 Exception <a 'java/lang/ClassNotFoundException'{0x00000000a69f36b8}: org/gradle/api/internal/file/CompositeFileTreeCustomizer> (0x00000000a69f36b8) thrown at [./src/hotspot/share/classfile/systemDictionary.cpp, line 231]
Event: 16.806 Thread 0x0000025095731800 Exception <a 'java/lang/ClassNotFoundException'{0x00000000a6831cf0}: org/gradle/api/internal/file/collections/DefaultConfigurableFileTreeCustomizer> (0x00000000a6831cf0) thrown at [./src/hotspot/share/classfile/systemDictionary.cpp, line 231]
Event: 16.842 Thread 0x0000025098439000 Exception <a 'java/lang/NoSuchMethodError'{0x00000000a67173c0}: 'int java.lang.invoke.DirectMethodHandle$Holder.invokeVirtual(java.lang.Object, java.lang.Object)'> (0x00000000a67173c0) thrown at [./src/hotspot/share/interpreter/linkResolver.cpp, line 773]
Event: 16.938 Thread 0x0000025095731800 Exception <a 'java/lang/ClassNotFoundException'{0x00000000a65b0120}: org/gradle/api/tasks/Delete_DecoratedBeanInfo> (0x00000000a65b0120) thrown at [./src/hotspot/share/classfile/systemDictionary.cpp, line 231]
Event: 16.939 Thread 0x0000025095731800 Exception <a 'java/lang/ClassNotFoundException'{0x00000000a65d0350}: org/gradle/api/tasks/DeleteBeanInfo> (0x00000000a65d0350) thrown at [./src/hotspot/share/classfile/systemDictionary.cpp, line 231]
Event: 16.940 Thread 0x0000025095731800 Exception <a 'java/lang/ClassNotFoundException'{0x00000000a65f0598}: org/gradle/api/tasks/DeleteCustomizer> (0x00000000a65f0598) thrown at [./src/hotspot/share/classfile/systemDictionary.cpp, line 231]
Event: 16.942 Thread 0x0000025095731800 Exception <a 'java/lang/ClassNotFoundException'{0x00000000a6425df0}: org/gradle/api/tasks/Delete_DecoratedCustomizer> (0x00000000a6425df0) thrown at [./src/hotspot/share/classfile/systemDictionary.cpp, line 231]
Event: 17.156 Thread 0x0000025095731800 Exception <a 'java/lang/NoSuchMethodError'{0x00000000a5f36ca8}: 'void java.lang.invoke.DirectMethodHandle$Holder.invokeSpecial(java.lang.Object, java.lang.Object, java.lang.Object, int)'> (0x00000000a5f36ca8) thrown at [./src/hotspot/share/interpreter/linkResolver.cpp, line 773]
Event: 17.273 Thread 0x0000025095731800 Exception <a 'sun/nio/fs/WindowsException'{0x00000000a5d457a8}> (0x00000000a5d457a8) thrown at [./src/hotspot/share/prims/jni.cpp, line 615]
Event: 17.644 Thread 0x0000025095731800 Exception <a 'java/lang/NullPointerException'{0x00000000a5649780}> (0x00000000a5649780) thrown at [./src/hotspot/share/interpreter/linkResolver.cpp, line 1440]
Event: 18.201 Thread 0x0000025095731800 Exception <a 'java/lang/NoSuchMethodError'{0x00000000a7283b58}: 'int java.lang.invoke.DirectMethodHandle$Holder.invokeStatic(java.lang.Object, java.lang.Object, int, java.lang.Object)'> (0x00000000a7283b58) thrown at [./src/hotspot/share/interpreter/linkResolver.cpp, line 773]

Events (20 events):
Event: 18.299 loading class org/gradle/api/internal/file/DefaultFileCollectionFactory$EmptyFileTree done
Event: 18.301 loading class org/gradle/process/ExecOperations
Event: 18.301 loading class org/gradle/process/ExecOperations done
Event: 18.307 loading class com/android/build/gradle/tasks/RenderscriptCompile$CreationAction$configure$1
Event: 18.307 loading class com/android/build/gradle/tasks/RenderscriptCompile$CreationAction$configure$1 done
Event: 18.307 loading class com/android/build/gradle/tasks/RenderscriptCompile$CreationAction$configure$2
Event: 18.307 loading class com/android/build/gradle/tasks/RenderscriptCompile$CreationAction$configure$2 done
Event: 18.311 loading class com/android/build/gradle/tasks/AidlCompile$Companion
Event: 18.311 loading class com/android/build/gradle/tasks/AidlCompile$Companion done
Event: 18.318 loading class com/android/build/gradle/tasks/AidlCompile$CreationAction$configure$1
Event: 18.318 loading class com/android/build/gradle/tasks/AidlCompile$CreationAction$configure$1 done
Event: 18.319 loading class com/android/build/gradle/tasks/AidlCompile$CreationAction$configure$2
Event: 18.319 loading class com/android/build/gradle/tasks/AidlCompile$CreationAction$configure$2 done
Event: 18.325 loading class com/android/build/gradle/tasks/GenerateBuildConfig$CreationAction$configure$1
Event: 18.325 loading class com/android/build/gradle/tasks/GenerateBuildConfig$CreationAction$configure$1 done
Event: 18.326 loading class com/android/build/gradle/tasks/GenerateBuildConfig$CreationAction$configure$2
Event: 18.326 loading class com/android/build/gradle/tasks/GenerateBuildConfig$CreationAction$configure$2 done
Event: 18.327 loading class org/gradle/api/internal/provider/DefaultMapProperty
Event: 18.327 loading class org/gradle/api/internal/provider/DefaultMapProperty done
Event: 18.328 Executing VM operation: CollectForMetadataAllocation


Dynamic libraries:
0x00007ff6ca320000 - 0x00007ff6ca32a000 	C:\Program Files\Android\Android Studio\jre\bin\java.exe
0x00007ffbeadb0000 - 0x00007ffbeafc4000 	C:\WINDOWS\SYSTEM32\ntdll.dll
0x00007ffbea2e0000 - 0x00007ffbea3a2000 	C:\WINDOWS\System32\KERNEL32.DLL
0x00007ffbe8230000 - 0x00007ffbe85cb000 	C:\WINDOWS\System32\KERNELBASE.dll
0x00007ffbe87b0000 - 0x00007ffbe88c1000 	C:\WINDOWS\System32\ucrtbase.dll
0x00007ffbe1700000 - 0x00007ffbe1719000 	C:\Program Files\Android\Android Studio\jre\bin\jli.dll
0x00007ffbea520000 - 0x00007ffbea6cb000 	C:\WINDOWS\System32\USER32.dll
0x00007ffbe8200000 - 0x00007ffbe8226000 	C:\WINDOWS\System32\win32u.dll
0x00007ffbeaba0000 - 0x00007ffbeabc9000 	C:\WINDOWS\System32\GDI32.dll
0x00007ffbe8ab0000 - 0x00007ffbe8bc2000 	C:\WINDOWS\System32\gdi32full.dll
0x00007ffbe8a10000 - 0x00007ffbe8aaa000 	C:\WINDOWS\System32\msvcp_win.dll
0x00007ffbd32c0000 - 0x00007ffbd354e000 	C:\WINDOWS\WinSxS\amd64_microsoft.windows.common-controls_6595b64144ccf1df_6.0.22610.1_none_60e402979af6a548\COMCTL32.dll
0x00007ffbe9da0000 - 0x00007ffbe9e47000 	C:\WINDOWS\System32\msvcrt.dll
0x00007ffbd76f0000 - 0x00007ffbd7707000 	C:\Program Files\Android\Android Studio\jre\bin\VCRUNTIME140.dll
0x00007ffbea4e0000 - 0x00007ffbea511000 	C:\WINDOWS\System32\IMM32.DLL
0x00007ffbc2e50000 - 0x00007ffbc2eed000 	C:\Program Files\Android\Android Studio\jre\bin\msvcp140.dll
0x00007ffb77850000 - 0x00007ffb78325000 	C:\Program Files\Android\Android Studio\jre\bin\server\jvm.dll
0x00007ffbe8fa0000 - 0x00007ffbe904e000 	C:\WINDOWS\System32\ADVAPI32.dll
0x00007ffbe9050000 - 0x00007ffbe90f4000 	C:\WINDOWS\System32\sechost.dll
0x00007ffbeac50000 - 0x00007ffbead65000 	C:\WINDOWS\System32\RPCRT4.dll
0x00007ffbe9d90000 - 0x00007ffbe9d98000 	C:\WINDOWS\System32\PSAPI.DLL
0x00007ffbded60000 - 0x00007ffbded94000 	C:\WINDOWS\SYSTEM32\WINMM.dll
0x00007ffbcc8e0000 - 0x00007ffbcc8e9000 	C:\WINDOWS\SYSTEM32\WSOCK32.dll
0x00007ffbeabd0000 - 0x00007ffbeac41000 	C:\WINDOWS\System32\WS2_32.dll
0x00007ffbd9140000 - 0x00007ffbd914a000 	C:\WINDOWS\SYSTEM32\VERSION.dll
0x00007ffbe7230000 - 0x00007ffbe7248000 	C:\WINDOWS\SYSTEM32\kernel.appcore.dll
0x00007ffbd76c0000 - 0x00007ffbd76d1000 	C:\Program Files\Android\Android Studio\jre\bin\verify.dll
0x00007ffbe54e0000 - 0x00007ffbe570e000 	C:\WINDOWS\SYSTEM32\DBGHELP.DLL
0x00007ffbe9120000 - 0x00007ffbe94a9000 	C:\WINDOWS\System32\combase.dll
0x00007ffbea7e0000 - 0x00007ffbea8b7000 	C:\WINDOWS\System32\OLEAUT32.dll
0x00007ffbcb260000 - 0x00007ffbcb292000 	C:\WINDOWS\SYSTEM32\dbgcore.DLL
0x00007ffbe8990000 - 0x00007ffbe8a0b000 	C:\WINDOWS\System32\bcryptPrimitives.dll
0x00007ffbd5770000 - 0x00007ffbd5799000 	C:\Program Files\Android\Android Studio\jre\bin\java.dll
0x00007ffbe5050000 - 0x00007ffbe505b000 	C:\Program Files\Android\Android Studio\jre\bin\jimage.dll
0x00007ffbd7260000 - 0x00007ffbd7278000 	C:\Program Files\Android\Android Studio\jre\bin\zip.dll
0x00007ffbe95b0000 - 0x00007ffbe9d88000 	C:\WINDOWS\System32\SHELL32.dll
0x00007ffbe61f0000 - 0x00007ffbe6aa8000 	C:\WINDOWS\SYSTEM32\windows.storage.dll
0x00007ffbe60b0000 - 0x00007ffbe61ed000 	C:\WINDOWS\SYSTEM32\wintypes.dll
0x00007ffbe94b0000 - 0x00007ffbe95a1000 	C:\WINDOWS\System32\SHCORE.dll
0x00007ffbe8d70000 - 0x00007ffbe8dce000 	C:\WINDOWS\System32\shlwapi.dll
0x00007ffbe8130000 - 0x00007ffbe8151000 	C:\WINDOWS\SYSTEM32\profapi.dll
0x00007ffbd3b90000 - 0x00007ffbd3baa000 	C:\Program Files\Android\Android Studio\jre\bin\net.dll
0x00007ffbdfe60000 - 0x00007ffbdff8f000 	C:\WINDOWS\SYSTEM32\WINHTTP.dll
0x00007ffbe7690000 - 0x00007ffbe76f9000 	C:\WINDOWS\system32\mswsock.dll
0x00007ffbd3b60000 - 0x00007ffbd3b74000 	C:\Program Files\Android\Android Studio\jre\bin\nio.dll
0x00007ffbcefa0000 - 0x00007ffbcefc6000 	C:\Users\msasd\.gradle\native\fdc75f09e3144964f2cf3f50f0aa648679c211496f362492102eb8c894070792\windows-amd64\native-platform.dll
0x00007ffb9c8b0000 - 0x00007ffb9ca41000 	C:\Users\msasd\.gradle\native\12488b8bf47d2d4c9fbf2f6322a914ad602e24e48041cd04a747c6da556b65c4\windows-amd64\native-platform-file-events.dll
0x00007ffbe4fd0000 - 0x00007ffbe4fda000 	C:\Program Files\Android\Android Studio\jre\bin\management.dll
0x00007ffbe3500000 - 0x00007ffbe350d000 	C:\Program Files\Android\Android Studio\jre\bin\management_ext.dll
0x00007ffbe7900000 - 0x00007ffbe791b000 	C:\WINDOWS\SYSTEM32\CRYPTSP.dll
0x00007ffbe71a0000 - 0x00007ffbe71d5000 	C:\WINDOWS\system32\rsaenh.dll
0x00007ffbe77b0000 - 0x00007ffbe77d8000 	C:\WINDOWS\SYSTEM32\USERENV.dll
0x00007ffbe7ac0000 - 0x00007ffbe7ae8000 	C:\WINDOWS\SYSTEM32\bcrypt.dll
0x00007ffbe7920000 - 0x00007ffbe792c000 	C:\WINDOWS\SYSTEM32\CRYPTBASE.dll
0x00007ffbe6d00000 - 0x00007ffbe6d2d000 	C:\WINDOWS\SYSTEM32\IPHLPAPI.DLL
0x00007ffbea3b0000 - 0x00007ffbea3b9000 	C:\WINDOWS\System32\NSI.dll
0x00007ffbdfe40000 - 0x00007ffbdfe59000 	C:\WINDOWS\SYSTEM32\dhcpcsvc6.DLL
0x00007ffbdfe20000 - 0x00007ffbdfe3f000 	C:\WINDOWS\SYSTEM32\dhcpcsvc.DLL
0x00007ffbe6dc0000 - 0x00007ffbe6eb2000 	C:\WINDOWS\SYSTEM32\DNSAPI.dll
0x00007ffbe53f0000 - 0x00007ffbe53fd000 	C:\WINDOWS\SYSTEM32\WINNSI.DLL

dbghelp: loaded successfully - version: 4.0.5 - missing functions: none
symbol engine: initialized successfully - sym options: 0x614 - pdb path: .;C:\Program Files\Android\Android Studio\jre\bin;C:\WINDOWS\SYSTEM32;C:\WINDOWS\WinSxS\amd64_microsoft.windows.common-controls_6595b64144ccf1df_6.0.22610.1_none_60e402979af6a548;C:\Program Files\Android\Android Studio\jre\bin\server;C:\Users\msasd\.gradle\native\fdc75f09e3144964f2cf3f50f0aa648679c211496f362492102eb8c894070792\windows-amd64;C:\Users\msasd\.gradle\native\12488b8bf47d2d4c9fbf2f6322a914ad602e24e48041cd04a747c6da556b65c4\windows-amd64

VM Arguments:
jvm_args: --add-opens=java.base/java.util=ALL-UNNAMED --add-opens=java.base/java.lang=ALL-UNNAMED --add-opens=java.base/java.lang.invoke=ALL-UNNAMED --add-opens=java.prefs/java.util.prefs=ALL-UNNAMED -Xmx1536M -Dfile.encoding=windows-1252 -Duser.country=US -Duser.language=en -Duser.variant 
java_command: org.gradle.launcher.daemon.bootstrap.GradleDaemon 6.7
java_class_path (initial): C:\Users\msasd\.gradle\wrapper\dists\gradle-6.7-all\cuy9mc7upwgwgeb72wkcrupxe\gradle-6.7\lib\gradle-launcher-6.7.jar
Launcher Type: SUN_STANDARD

[Global flags]
     intx CICompilerCount                          = 4                                         {product} {ergonomic}
     uint ConcGCThreads                            = 2                                         {product} {ergonomic}
     uint G1ConcRefinementThreads                  = 8                                         {product} {ergonomic}
   size_t G1HeapRegionSize                         = 1048576                                   {product} {ergonomic}
    uintx GCDrainStackTargetSize                   = 64                                        {product} {ergonomic}
   size_t InitialHeapSize                          = 132120576                                 {product} {ergonomic}
   size_t MarkStackSize                            = 4194304                                   {product} {ergonomic}
   size_t MaxHeapSize                              = 1610612736                                {product} {command line}
   size_t MaxNewSize                               = 965738496                                 {product} {ergonomic}
   size_t MinHeapDeltaBytes                        = 1048576                                   {product} {ergonomic}
    uintx NonNMethodCodeHeapSize                   = 5836300                                {pd product} {ergonomic}
    uintx NonProfiledCodeHeapSize                  = 122910970                              {pd product} {ergonomic}
    uintx ProfiledCodeHeapSize                     = 122910970                              {pd product} {ergonomic}
    uintx ReservedCodeCacheSize                    = 251658240                              {pd product} {ergonomic}
     bool SegmentedCodeCache                       = true                                      {product} {ergonomic}
     bool UseCompressedClassPointers               = true                                 {lp64_product} {ergonomic}
     bool UseCompressedOops                        = true                                 {lp64_product} {ergonomic}
     bool UseG1GC                                  = true                                      {product} {ergonomic}
     bool UseLargePagesIndividualAllocation        = false                                  {pd product} {ergonomic}

Logging:
Log output configuration:
 #0: stdout all=warning uptime,level,tags
 #1: stderr all=off uptime,level,tags

Environment Variables:
JAVA_HOME=C:\Program Files\Android\Android Studio\jre
CLASSPATH=C:\Code\VS_Code_Flutter\BMI Calculator\bmi_calculator\android\\gradle\wrapper\gradle-wrapper.jar
PATH=C:\Drivers\Python\Scripts\;C:\Drivers\Python\;C:\Program Files (x86)\Common Files\Intel\Shared Libraries\redist\intel64\compiler;C:\Program Files (x86)\VMware\VMware Workstation\bin\;C:\WINDOWS\system32;C:\WINDOWS;C:\WINDOWS\System32\Wbem;C:\WINDOWS\System32\WindowsPowerShell\v1.0\;C:\WINDOWS\System32\OpenSSH\;C:\Program Files\Microsoft VS Code\bin;C:\Program Files\nodejs\;C:\Users\msasd\AppData\Local\Microsoft\WindowsApps;C:\MinGW\bin;C:\Users\msasd\AppData\Roaming\npm;C:\adb;C:\WINDOWS\system32;C:\WINDOWS;C:\WINDOWS\System32\Wbem;C:\WINDOWS\System32\WindowsPowerShell\v1.0\;C:\WINDOWS\System32\OpenSSH\;C:\Program Files (x86)\dotnet\;C:\Program Files\Git\cmd;C:\src\flutter\flutter\bin;C:\Users\msasd\AppData\Local\Microsoft\WindowsApps;C:\MinGW\bin;C:\Users\msasd\AppData\Roaming\npm;C:\Users\msasd\AppData\Local\GitHubDesktop\bin;C:\src\flutter\flutter\bin;;C:\src\flutter\flutter\bin\mingit\cmd
USERNAME=msasd
OS=Windows_NT
PROCESSOR_IDENTIFIER=Intel64 Family 6 Model 126 Stepping 5, GenuineIntel



---------------  S Y S T E M  ---------------

OS: Windows 10 , 64 bit Build 22610 (10.0.22610.1)
OS uptime: 30 days 15:30 hours
Hyper-V role detected

CPU:total 8 (initial active 8) (4 cores per cpu, 2 threads per core) family 6 model 126 stepping 5 microcode 0xa8, cmov, cx8, fxsr, mmx, sse, sse2, sse3, ssse3, sse4.1, sse4.2, popcnt, avx, avx2, aes, clmul, erms, 3dnowpref, lzcnt, ht, tsc, tscinvbit, bmi1, bmi2, adx, evex, sha, fma

Memory: 4k page, system-wide physical 7987M (176M free)
TotalPageFile size 15702M (AvailPageFile size 158M)
current process WorkingSet (physical memory assigned to process): 346M, peak: 346M
current process commit charge ("private bytes"): 385M, peak: 386M

vm_info: OpenJDK 64-Bit Server VM (11.0.11+9-b60-7590822) for windows-amd64 JRE (11.0.11+9-b60-7590822), built on Jul 29 2021 21:43:44 by "builder" with MS VC++ 14.0 (VS2015)

END.
